<?xml version="1.0" encoding="UTF-8"?>
<testng-results ignored="0" total="1" passed="1" failed="0" skipped="0">
  <reporter-output>
  </reporter-output>
  <suite started-at="2021-08-29T22:10:49 BST" name="FrameworkTestCases.loginTest" finished-at="2021-08-29T22:10:53 BST" duration-ms="3617">
    <groups>
    </groups>
    <test started-at="2021-08-29T22:10:49 BST" name="Command line test" finished-at="2021-08-29T22:10:53 BST" duration-ms="3617">
      <class name="FrameworkTestCases.loginTest">
        <test-method is-config="true" signature="beforeClass()[pri:0, instance:FrameworkTestCases.loginTest@5fcd892a]" started-at="2021-08-29T22:10:49 BST" name="beforeClass" finished-at="2021-08-29T22:10:52 BST" duration-ms="3313" status="PASS">
          <reporter-output>
          </reporter-output>
        </test-method> <!-- beforeClass -->
        <test-method signature="checkLogin()[pri:0, instance:FrameworkTestCases.loginTest@5fcd892a]" started-at="2021-08-29T22:10:52 BST" name="checkLogin" finished-at="2021-08-29T22:10:53 BST" duration-ms="220" status="PASS">
          <reporter-output>
          </reporter-output>
        </test-method> <!-- checkLogin -->
        <test-method is-config="true" signature="afterClass()[pri:0, instance:FrameworkTestCases.loginTest@5fcd892a]" started-at="2021-08-29T22:10:53 BST" name="afterClass" finished-at="2021-08-29T22:10:53 BST" duration-ms="55" status="PASS">
          <reporter-output>
          </reporter-output>
        </test-method> <!-- afterClass -->
      </class> <!-- FrameworkTestCases.loginTest -->
    </test> <!-- Command line test -->
  </suite> <!-- FrameworkTestCases.loginTest -->
</testng-results>
